<?xml version="1.0" encoding="UTF-8"?>
<testng-results ignored="0" total="4" passed="3" failed="1" skipped="0">
  <reporter-output>
  </reporter-output>
  <suite started-at="2023-09-09T09:52:24 IST" name="Suite" finished-at="2023-09-09T09:53:03 IST" duration-ms="38729">
    <groups>
    </groups>
    <test started-at="2023-09-09T09:52:24 IST" name="Test" finished-at="2023-09-09T09:53:03 IST" duration-ms="38729">
      <class name="TestClasses.LoginPageTest">
        <test-method is-config="true" signature="setup()[pri:0, instance:TestClasses.LoginPageTest@2034b64c]" started-at="2023-09-09T09:52:24 IST" name="setup" finished-at="2023-09-09T09:52:33 IST" duration-ms="8643" status="PASS">
          <reporter-output>
          </reporter-output>
        </test-method> <!-- setup -->
        <test-method signature="verifyLoginTest(java.lang.String,java.lang.String)[pri:0, instance:TestClasses.LoginPageTest@2034b64c]" started-at="2023-09-09T09:52:33 IST" name="verifyLoginTest" data-provider="loginData" finished-at="2023-09-09T09:52:33 IST" duration-ms="496" status="PASS">
          <params>
            <param index="0">
              <value>
                <![CDATA[standard_user]]>
              </value>
            </param>
            <param index="1">
              <value>
                <![CDATA[secret_sauce]]>
              </value>
            </param>
          </params>
          <reporter-output>
          </reporter-output>
        </test-method> <!-- verifyLoginTest -->
        <test-method is-config="true" signature="closeBrowser(org.testng.ITestResult)[pri:0, instance:TestClasses.LoginPageTest@2034b64c]" started-at="2023-09-09T09:52:33 IST" name="closeBrowser" finished-at="2023-09-09T09:52:34 IST" duration-ms="495" status="PASS">
          <params>
            <param index="0">
              <value>
                <![CDATA[[TestResult name=verifyLoginTest status=SUCCESS method=LoginPageTest.verifyLoginTest(java.lang.String,java.lang.String)[pri:0, instance:TestClasses.LoginPageTest@2034b64c] output={null}]]]>
              </value>
            </param>
          </params>
          <reporter-output>
          </reporter-output>
        </test-method> <!-- closeBrowser -->
        <test-method is-config="true" signature="setup()[pri:0, instance:TestClasses.LoginPageTest@2034b64c]" started-at="2023-09-09T09:52:34 IST" name="setup" finished-at="2023-09-09T09:52:40 IST" duration-ms="6145" status="PASS">
          <reporter-output>
          </reporter-output>
        </test-method> <!-- setup -->
        <test-method signature="verifyLoginTest(java.lang.String,java.lang.String)[pri:0, instance:TestClasses.LoginPageTest@2034b64c]" started-at="2023-09-09T09:52:40 IST" name="verifyLoginTest" data-provider="loginData" finished-at="2023-09-09T09:52:41 IST" duration-ms="511" status="FAIL">
          <params>
            <param index="0">
              <value>
                <![CDATA[locked_out_user]]>
              </value>
            </param>
            <param index="1">
              <value>
                <![CDATA[secret_sauce]]>
              </value>
            </param>
          </params>
          <exception class="java.lang.AssertionError">
            <message>
              <![CDATA[expected [https://www.saucedemo.com/] but found [https://www.saucedemo.com/inventory.html]]]>
            </message>
            <full-stacktrace>
              <![CDATA[java.lang.AssertionError: expected [https://www.saucedemo.com/] but found [https://www.saucedemo.com/inventory.html]
at org.testng.Assert.fail(Assert.java:110)
at org.testng.Assert.failNotEquals(Assert.java:1413)
at org.testng.Assert.assertEqualsImpl(Assert.java:149)
at org.testng.Assert.assertEquals(Assert.java:131)
at org.testng.Assert.assertEquals(Assert.java:655)
at org.testng.Assert.assertEquals(Assert.java:665)
at TestClasses.LoginPageTest.verifyLoginTest(LoginPageTest.java:34)
at java.base/jdk.internal.reflect.NativeMethodAccessorImpl.invoke0(Native Method)
at java.base/jdk.internal.reflect.NativeMethodAccessorImpl.invoke(NativeMethodAccessorImpl.java:62)
at java.base/jdk.internal.reflect.DelegatingMethodAccessorImpl.invoke(DelegatingMethodAccessorImpl.java:43)
at java.base/java.lang.reflect.Method.invoke(Method.java:566)
at org.testng.internal.invokers.MethodInvocationHelper.invokeMethod(MethodInvocationHelper.java:139)
at org.testng.internal.invokers.TestInvoker.invokeMethod(TestInvoker.java:677)
at org.testng.internal.invokers.TestInvoker.invokeTestMethod(TestInvoker.java:221)
at org.testng.internal.invokers.MethodRunner.runInSequence(MethodRunner.java:50)
at org.testng.internal.invokers.TestInvoker$MethodInvocationAgent.invoke(TestInvoker.java:969)
at org.testng.internal.invokers.TestInvoker.invokeTestMethods(TestInvoker.java:194)
at org.testng.internal.invokers.TestMethodWorker.invokeTestMethods(TestMethodWorker.java:148)
at org.testng.internal.invokers.TestMethodWorker.run(TestMethodWorker.java:128)
at java.base/java.util.ArrayList.forEach(ArrayList.java:1541)
at org.testng.TestRunner.privateRun(TestRunner.java:829)
at org.testng.TestRunner.run(TestRunner.java:602)
at org.testng.SuiteRunner.runTest(SuiteRunner.java:437)
at org.testng.SuiteRunner.runSequentially(SuiteRunner.java:431)
at org.testng.SuiteRunner.privateRun(SuiteRunner.java:391)
at org.testng.SuiteRunner.run(SuiteRunner.java:330)
at org.testng.SuiteRunnerWorker.runSuite(SuiteRunnerWorker.java:52)
at org.testng.SuiteRunnerWorker.run(SuiteRunnerWorker.java:95)
at org.testng.TestNG.runSuitesSequentially(TestNG.java:1256)
at org.testng.TestNG.runSuitesLocally(TestNG.java:1176)
at org.testng.TestNG.runSuites(TestNG.java:1099)
at org.testng.TestNG.run(TestNG.java:1067)
at org.testng.remote.AbstractRemoteTestNG.run(AbstractRemoteTestNG.java:115)
at org.testng.remote.RemoteTestNG.initAndRun(RemoteTestNG.java:251)
at org.testng.remote.RemoteTestNG.main(RemoteTestNG.java:77)
]]>
            </full-stacktrace>
          </exception> <!-- java.lang.AssertionError -->
          <reporter-output>
          </reporter-output>
        </test-method> <!-- verifyLoginTest -->
        <test-method is-config="true" signature="closeBrowser(org.testng.ITestResult)[pri:0, instance:TestClasses.LoginPageTest@2034b64c]" started-at="2023-09-09T09:52:41 IST" name="closeBrowser" finished-at="2023-09-09T09:52:43 IST" duration-ms="2453" status="PASS">
          <params>
            <param index="0">
              <value>
                <![CDATA[[TestResult name=verifyLoginTest status=FAILURE method=LoginPageTest.verifyLoginTest(java.lang.String,java.lang.String)[pri:0, instance:TestClasses.LoginPageTest@2034b64c] output={null}]]]>
              </value>
            </param>
          </params>
          <reporter-output>
          </reporter-output>
        </test-method> <!-- closeBrowser -->
        <test-method is-config="true" signature="setup()[pri:0, instance:TestClasses.LoginPageTest@2034b64c]" started-at="2023-09-09T09:52:43 IST" name="setup" finished-at="2023-09-09T09:52:49 IST" duration-ms="6194" status="PASS">
          <reporter-output>
          </reporter-output>
        </test-method> <!-- setup -->
        <test-method signature="verifyLoginTest(java.lang.String,java.lang.String)[pri:0, instance:TestClasses.LoginPageTest@2034b64c]" started-at="2023-09-09T09:52:49 IST" name="verifyLoginTest" data-provider="loginData" finished-at="2023-09-09T09:52:50 IST" duration-ms="489" status="PASS">
          <params>
            <param index="0">
              <value>
                <![CDATA[problem_user]]>
              </value>
            </param>
            <param index="1">
              <value>
                <![CDATA[secret_sauce]]>
              </value>
            </param>
          </params>
          <reporter-output>
          </reporter-output>
        </test-method> <!-- verifyLoginTest -->
        <test-method is-config="true" signature="closeBrowser(org.testng.ITestResult)[pri:0, instance:TestClasses.LoginPageTest@2034b64c]" started-at="2023-09-09T09:52:50 IST" name="closeBrowser" finished-at="2023-09-09T09:52:50 IST" duration-ms="576" status="PASS">
          <params>
            <param index="0">
              <value>
                <![CDATA[[TestResult name=verifyLoginTest status=SUCCESS method=LoginPageTest.verifyLoginTest(java.lang.String,java.lang.String)[pri:0, instance:TestClasses.LoginPageTest@2034b64c] output={null}]]]>
              </value>
            </param>
          </params>
          <reporter-output>
          </reporter-output>
        </test-method> <!-- closeBrowser -->
        <test-method is-config="true" signature="setup()[pri:0, instance:TestClasses.LoginPageTest@2034b64c]" started-at="2023-09-09T09:52:50 IST" name="setup" finished-at="2023-09-09T09:52:56 IST" duration-ms="5780" status="PASS">
          <reporter-output>
          </reporter-output>
        </test-method> <!-- setup -->
        <test-method signature="verifyLoginTest(java.lang.String,java.lang.String)[pri:0, instance:TestClasses.LoginPageTest@2034b64c]" started-at="2023-09-09T09:52:56 IST" name="verifyLoginTest" data-provider="loginData" finished-at="2023-09-09T09:53:02 IST" duration-ms="5874" status="PASS">
          <params>
            <param index="0">
              <value>
                <![CDATA[performance_glitch_user]]>
              </value>
            </param>
            <param index="1">
              <value>
                <![CDATA[secret_sauce]]>
              </value>
            </param>
          </params>
          <reporter-output>
          </reporter-output>
        </test-method> <!-- verifyLoginTest -->
        <test-method is-config="true" signature="closeBrowser(org.testng.ITestResult)[pri:0, instance:TestClasses.LoginPageTest@2034b64c]" started-at="2023-09-09T09:53:02 IST" name="closeBrowser" finished-at="2023-09-09T09:53:03 IST" duration-ms="905" status="PASS">
          <params>
            <param index="0">
              <value>
                <![CDATA[[TestResult name=verifyLoginTest status=SUCCESS method=LoginPageTest.verifyLoginTest(java.lang.String,java.lang.String)[pri:0, instance:TestClasses.LoginPageTest@2034b64c] output={null}]]]>
              </value>
            </param>
          </params>
          <reporter-output>
          </reporter-output>
        </test-method> <!-- closeBrowser -->
      </class> <!-- TestClasses.LoginPageTest -->
    </test> <!-- Test -->
  </suite> <!-- Suite -->
</testng-results>
